This is XeTeX, Version 3.1415926-2.3-0.9997.5 (MiKTeX 2.9) (preloaded format=xelatex 2016.9.13)  13 OCT 2016 21:41
entering extended mode
**Paper.tex
("H:\Latex\Model\Model3\Paper template\Paper.tex"
LaTeX2e <2011/06/27>
Babel <v3.8m> and hyphenation patterns for loaded.
("H:\Latex\Model\Model3\Paper template\IEEEtran.cls"
Document Class: IEEEtran 2012/11/21 V1.8c by Harald Hanche-Olsen and Anders Chr
istensen
-- Based on V1.7a by Michael Shell
-- See the "IEEEtran_HOWTO" manual for usage information.
-- http://www.michaelshell.org/tex/ieeetran/
\@IEEEtrantmpdimenA=\dimen102
\@IEEEtrantmpdimenB=\dimen103
\@IEEEtrantmpcountA=\count80
\@IEEEtrantmpcountB=\count81
\@IEEEtrantmptoksA=\toks14
LaTeX Font Info:    Try loading font information for OT1+ptm on input line 373.

("D:\Program Files (x86)\CTEX\MiKTeX\tex\latex\psnfss\ot1ptm.fd"
File: ot1ptm.fd 2001/06/04 font definitions for OT1/ptm.
)
Requested font "ptmr7t" at 10.0pt
 -> ptmr7t

-- Using 8.5in x 11in (letter) paper.
-- Using DVI output.
\@IEEEnormalsizeunitybaselineskip=\dimen104
-- This is a 10 point document.
\CLASSINFOnormalsizebaselineskip=\dimen105
\CLASSINFOnormalsizeunitybaselineskip=\dimen106
\IEEEnormaljot=\dimen107
Requested font "ptmr7t" at 5.0pt
 -> ptmr7t
LaTeX Font Info:    Font shape `OT1/ptm/bx/n' in size <5> not available
(Font)              Font shape `OT1/ptm/b/n' tried instead on input line 731.
Requested font "ptmb7t" at 5.0pt
 -> ptmb7t
Requested font "ptmri7t" at 5.0pt
 -> ptmri7t
LaTeX Font Info:    Font shape `OT1/ptm/bx/it' in size <5> not available
(Font)              Font shape `OT1/ptm/b/it' tried instead on input line 731.
Requested font "ptmbi7t" at 5.0pt
 -> ptmbi7t
Requested font "ptmr7t" at 7.0pt
 -> ptmr7t
LaTeX Font Info:    Font shape `OT1/ptm/bx/n' in size <7> not available
(Font)              Font shape `OT1/ptm/b/n' tried instead on input line 731.
Requested font "ptmb7t" at 7.0pt
 -> ptmb7t
Requested font "ptmri7t" at 7.0pt
 -> ptmri7t
LaTeX Font Info:    Font shape `OT1/ptm/bx/it' in size <7> not available
(Font)              Font shape `OT1/ptm/b/it' tried instead on input line 731.
Requested font "ptmbi7t" at 7.0pt
 -> ptmbi7t
Requested font "ptmr7t" at 8.0pt
 -> ptmr7t
LaTeX Font Info:    Font shape `OT1/ptm/bx/n' in size <8> not available
(Font)              Font shape `OT1/ptm/b/n' tried instead on input line 731.
Requested font "ptmb7t" at 8.0pt
 -> ptmb7t
Requested font "ptmri7t" at 8.0pt
 -> ptmri7t
LaTeX Font Info:    Font shape `OT1/ptm/bx/it' in size <8> not available
(Font)              Font shape `OT1/ptm/b/it' tried instead on input line 731.
Requested font "ptmbi7t" at 8.0pt
 -> ptmbi7t
Requested font "ptmr7t" at 9.0pt
 -> ptmr7t
LaTeX Font Info:    Font shape `OT1/ptm/bx/n' in size <9> not available
(Font)              Font shape `OT1/ptm/b/n' tried instead on input line 731.
Requested font "ptmb7t" at 9.0pt
 -> ptmb7t
Requested font "ptmri7t" at 9.0pt
 -> ptmri7t
LaTeX Font Info:    Font shape `OT1/ptm/bx/it' in size <9> not available
(Font)              Font shape `OT1/ptm/b/it' tried instead on input line 731.
Requested font "ptmbi7t" at 9.0pt
 -> ptmbi7t
LaTeX Font Info:    Font shape `OT1/ptm/bx/n' in size <10> not available
(Font)              Font shape `OT1/ptm/b/n' tried instead on input line 731.
Requested font "ptmb7t" at 10.0pt
 -> ptmb7t
Requested font "ptmri7t" at 10.0pt
 -> ptmri7t
LaTeX Font Info:    Font shape `OT1/ptm/bx/it' in size <10> not available
(Font)              Font shape `OT1/ptm/b/it' tried instead on input line 731.
Requested font "ptmbi7t" at 10.0pt
 -> ptmbi7t
Requested font "ptmr7t" at 11.0pt
 -> ptmr7t
LaTeX Font Info:    Font shape `OT1/ptm/bx/n' in size <11> not available
(Font)              Font shape `OT1/ptm/b/n' tried instead on input line 731.
Requested font "ptmb7t" at 11.0pt
 -> ptmb7t
Requested font "ptmri7t" at 11.0pt
 -> ptmri7t
LaTeX Font Info:    Font shape `OT1/ptm/bx/it' in size <11> not available
(Font)              Font shape `OT1/ptm/b/it' tried instead on input line 731.
Requested font "ptmbi7t" at 11.0pt
 -> ptmbi7t
Requested font "ptmr7t" at 12.0pt
 -> ptmr7t
LaTeX Font Info:    Font shape `OT1/ptm/bx/n' in size <12> not available
(Font)              Font shape `OT1/ptm/b/n' tried instead on input line 731.
Requested font "ptmb7t" at 12.0pt
 -> ptmb7t
Requested font "ptmri7t" at 12.0pt
 -> ptmri7t
LaTeX Font Info:    Font shape `OT1/ptm/bx/it' in size <12> not available
(Font)              Font shape `OT1/ptm/b/it' tried instead on input line 731.
Requested font "ptmbi7t" at 12.0pt
 -> ptmbi7t
Requested font "ptmr7t" at 17.0pt
 -> ptmr7t
LaTeX Font Info:    Font shape `OT1/ptm/bx/n' in size <17> not available
(Font)              Font shape `OT1/ptm/b/n' tried instead on input line 731.
Requested font "ptmb7t" at 17.0pt
 -> ptmb7t
Requested font "ptmri7t" at 17.0pt
 -> ptmri7t
LaTeX Font Info:    Font shape `OT1/ptm/bx/it' in size <17> not available
(Font)              Font shape `OT1/ptm/b/it' tried instead on input line 731.
Requested font "ptmbi7t" at 17.0pt
 -> ptmbi7t
Requested font "ptmr7t" at 20.0pt
 -> ptmr7t
LaTeX Font Info:    Font shape `OT1/ptm/bx/n' in size <20> not available
(Font)              Font shape `OT1/ptm/b/n' tried instead on input line 731.
Requested font "ptmb7t" at 20.0pt
 -> ptmb7t
Requested font "ptmri7t" at 20.0pt
 -> ptmri7t
LaTeX Font Info:    Font shape `OT1/ptm/bx/it' in size <20> not available
(Font)              Font shape `OT1/ptm/b/it' tried instead on input line 731.
Requested font "ptmbi7t" at 20.0pt
 -> ptmbi7t
Requested font "ptmr7t" at 24.0pt
 -> ptmr7t
LaTeX Font Info:    Font shape `OT1/ptm/bx/n' in size <24> not available
(Font)              Font shape `OT1/ptm/b/n' tried instead on input line 731.
Requested font "ptmb7t" at 24.0pt
 -> ptmb7t
Requested font "ptmri7t" at 24.0pt
 -> ptmri7t
LaTeX Font Info:    Font shape `OT1/ptm/bx/it' in size <24> not available
(Font)              Font shape `OT1/ptm/b/it' tried instead on input line 731.
Requested font "ptmbi7t" at 24.0pt
 -> ptmbi7t
\IEEEilabelindentA=\dimen108
\IEEEilabelindentB=\dimen109
\IEEEilabelindent=\dimen110
\IEEEelabelindent=\dimen111
\IEEEdlabelindent=\dimen112
\IEEElabelindent=\dimen113
\IEEEiednormlabelsep=\dimen114
\IEEEiedmathlabelsep=\dimen115
\IEEEiedtopsep=\skip41
\c@section=\count82
\c@subsection=\count83
\c@subsubsection=\count84
\c@paragraph=\count85
\c@IEEEsubequation=\count86
\abovecaptionskip=\skip42
\belowcaptionskip=\skip43
\c@figure=\count87
\c@table=\count88
\@IEEEeqnnumcols=\count89
\@IEEEeqncolcnt=\count90
\@IEEEtmpitemindent=\dimen116
\c@IEEEbiography=\count91
\@IEEEtranrubishbin=\box26
) ("D:\Program Files (x86)\CTEX\MiKTeX\tex\latex\ams\math\amsmath.sty"
Package: amsmath 2000/07/18 v2.13 AMS math features
\@mathmargin=\skip44

For additional information on amsmath, use the `?' option.
("D:\Program Files (x86)\CTEX\MiKTeX\tex\latex\ams\math\amstext.sty"
Package: amstext 2000/06/29 v2.01

("D:\Program Files (x86)\CTEX\MiKTeX\tex\latex\ams\math\amsgen.sty"
File: amsgen.sty 1999/11/30 v2.0
\@emptytoks=\toks15
\ex@=\dimen117
))
("D:\Program Files (x86)\CTEX\MiKTeX\tex\latex\ams\math\amsbsy.sty"
Package: amsbsy 1999/11/29 v1.2d
\pmbraise@=\dimen118
)
("D:\Program Files (x86)\CTEX\MiKTeX\tex\latex\ams\math\amsopn.sty"
Package: amsopn 1999/12/14 v2.01 operator names
)
\inf@bad=\count92
LaTeX Info: Redefining \frac on input line 211.
\uproot@=\count93
\leftroot@=\count94
LaTeX Info: Redefining \overline on input line 307.
\classnum@=\count95
\DOTSCASE@=\count96
LaTeX Info: Redefining \ldots on input line 379.
LaTeX Info: Redefining \dots on input line 382.
LaTeX Info: Redefining \cdots on input line 467.
\Mathstrutbox@=\box27
\strutbox@=\box28
\big@size=\dimen119
LaTeX Font Info:    Redeclaring font encoding OML on input line 567.
LaTeX Font Info:    Redeclaring font encoding OMS on input line 568.
\macc@depth=\count97
\c@MaxMatrixCols=\count98
\dotsspace@=\muskip10
\c@parentequation=\count99
\dspbrk@lvl=\count100
\tag@help=\toks16
\row@=\count101
\column@=\count102
\maxfields@=\count103
\andhelp@=\toks17
\eqnshift@=\dimen120
\alignsep@=\dimen121
\tagshift@=\dimen122
\tagwidth@=\dimen123
\totwidth@=\dimen124
\lineht@=\dimen125
\@envbody=\toks18
\multlinegap=\skip45
\multlinetaggap=\skip46
\mathdisplay@stack=\toks19
LaTeX Info: Redefining \[ on input line 2666.
LaTeX Info: Redefining \] on input line 2667.
)
("H:\Latex\Model\Model3\Paper template\Paper.aux"

LaTeX Warning: Label `sec:introduction' multiply defined.

)
LaTeX Font Info:    Checking defaults for OML/cmm/m/it on input line 346.
LaTeX Font Info:    ... okay on input line 346.
LaTeX Font Info:    Checking defaults for T1/cmr/m/n on input line 346.
LaTeX Font Info:    ... okay on input line 346.
LaTeX Font Info:    Checking defaults for OT1/cmr/m/n on input line 346.
LaTeX Font Info:    ... okay on input line 346.
LaTeX Font Info:    Checking defaults for OMS/cmsy/m/n on input line 346.
LaTeX Font Info:    ... okay on input line 346.
LaTeX Font Info:    Checking defaults for OMX/cmex/m/n on input line 346.
LaTeX Font Info:    ... okay on input line 346.
LaTeX Font Info:    Checking defaults for U/cmr/m/n on input line 346.
LaTeX Font Info:    ... okay on input line 346.
LaTeX Font Info:    Calculating math sizes for size <11> on input line 394.
Requested font "cmr10" at 10.95pt
 -> cmr10
Requested font "cmr8" at 8.0pt
 -> cmr8
Requested font "cmmi10" at 10.95pt
 -> cmmi10
Requested font "cmmi8" at 8.0pt
 -> cmmi8
Requested font "cmsy10" at 10.95pt
 -> cmsy10
Requested font "cmsy8" at 8.0pt
 -> cmsy8
Requested font "cmex10" at 10.95pt
 -> cmex10
Requested font "cmex7" at 7.69997pt
 -> cmex7
Requested font "cmex7" at 5.5pt
 -> cmex7
Requested font "ptmr7t" at 7.69997pt
 -> ptmr7t
Requested font "cmr6" at 6.0pt
 -> cmr6
Requested font "cmmi6" at 6.0pt
 -> cmmi6
Requested font "cmsy6" at 6.0pt
 -> cmsy6
Requested font "cmex8" at 8.0pt
 -> cmex8
Requested font "cmex7" at 6.0pt
 -> cmex7
Requested font "cmex7" at 5.0pt
 -> cmex7
Requested font "cmex7" at 7.0pt
 -> cmex7
Requested font "ptmrc7t" at 10.0pt
 -> ptmrc7t


LaTeX Warning: Citation `Cho_2011__Friendship_and_M' on page 1 undefined on inp
ut line 450.

Missing character: There is no ¡ in font ptmr7t!
Missing character: There is no ° in font ptmr7t!
Missing character: There is no ¡ in font ptmr7t!
Missing character: There is no ± in font ptmr7t!
Missing character: There is no ¡ in font ptmr7t!
Missing character: There is no ° in font ptmr7t!
Missing character: There is no ¡ in font ptmr7t!
Missing character: There is no ± in font ptmr7t!

LaTeX Warning: Citation `2012 Fused Matrix Factorization' on page 1 undefined o
n input line 451.

Missing character: There is no ¡ in font ptmr7t!
Missing character: There is no ¯ in font ptmr7t!

LaTeX Warning: Citation `Point-of-Interest 2016' on page 1 undefined on input l
ine 454.


LaTeX Warning: Citation `Fused matrix factorization' on page 1 undefined on inp
ut line 455.


LaTeX Warning: Citation `2012 Location Type Classification Using Tweet Content'
 on page 1 undefined on input line 458.


LaTeX Warning: Citation `Spatial-temporal latent ranking for successive point-o
f-interest recommendation.' on page 1 undefined on input line 459.

[1


]
Invalid UTF-8 byte or sequence at line 487 replaced by U+FFFD.
Invalid UTF-8 byte or sequence at line 487 replaced by U+FFFD.
Invalid UTF-8 byte or sequence at line 487 replaced by U+FFFD.
Invalid UTF-8 byte or sequence at line 487 replaced by U+FFFD.
Invalid UTF-8 byte or sequence at line 487 replaced by U+FFFD.
Invalid UTF-8 byte or sequence at line 487 replaced by U+FFFD.
Invalid UTF-8 byte or sequence at line 487 replaced by U+FFFD.
Invalid UTF-8 byte or sequence at line 487 replaced by U+FFFD.
Invalid UTF-8 byte or sequence at line 487 replaced by U+FFFD.
Invalid UTF-8 byte or sequence at line 487 replaced by U+FFFD.
Invalid UTF-8 byte or sequence at line 487 replaced by U+FFFD.
Invalid UTF-8 byte or sequence at line 487 replaced by U+FFFD.
Invalid UTF-8 byte or sequence at line 487 replaced by U+FFFD.

Underfull \hbox (badness 10000) in paragraph at lines 486--488

 []


Underfull \hbox (badness 10000) in paragraph at lines 504--507

 []

Missing character: There is no ¡ in font ptmr7t!
Missing character: There is no ¯ in font ptmr7t!
Invalid UTF-8 byte or sequence at line 510 replaced by U+FFFD.
Invalid UTF-8 byte or sequence at line 510 replaced by U+FFFD.
Invalid UTF-8 byte or sequence at line 510 replaced by U+FFFD.

Underfull \hbox (badness 10000) in paragraph at lines 510--512

 []


LaTeX Warning: Citation `Point-of-interest recommender systems: A separate-spac
e perspective' on page 2 undefined on input line 532.


Underfull \hbox (badness 1460) in paragraph at lines 543--545
\OT1/ptm/m/n/10 pre-fer food-related, bar-related and park-related lo-ca-tion-s

 []


Underfull \hbox (badness 10000) in paragraph at lines 543--545

 []

Invalid UTF-8 byte or sequence at line 547 replaced by U+FFFD.

LaTeX Warning: Citation `Overlapping Community Regularization for Rating Predic
tion in Social Recommender Systems' on page 2 undefined on input line 547.

Invalid UTF-8 byte or sequence at line 549 replaced by U+FFFD.
Invalid UTF-8 byte or sequence at line 549 replaced by U+FFFD.
Invalid UTF-8 byte or sequence at line 549 replaced by U+FFFD.
Invalid UTF-8 byte or sequence at line 549 replaced by U+FFFD.
Invalid UTF-8 byte or sequence at line 549 replaced by U+FFFD.
Invalid UTF-8 byte or sequence at line 549 replaced by U+FFFD.
Invalid UTF-8 byte or sequence at line 549 replaced by U+FFFD.
Invalid UTF-8 byte or sequence at line 549 replaced by U+FFFD.
Invalid UTF-8 byte or sequence at line 549 replaced by U+FFFD.
Invalid UTF-8 byte or sequence at line 549 replaced by U+FFFD.
Invalid UTF-8 byte or sequence at line 549 replaced by U+FFFD.
Invalid UTF-8 byte or sequence at line 549 replaced by U+FFFD.
Invalid UTF-8 byte or sequence at line 549 replaced by U+FFFD.
Invalid UTF-8 byte or sequence at line 549 replaced by U+FFFD.
Invalid UTF-8 byte or sequence at line 549 replaced by U+FFFD.
Invalid UTF-8 byte or sequence at line 549 replaced by U+FFFD.
Invalid UTF-8 byte or sequence at line 549 replaced by U+FFFD.
Invalid UTF-8 byte or sequence at line 549 replaced by U+FFFD.
Invalid UTF-8 byte or sequence at line 549 replaced by U+FFFD.
Invalid UTF-8 byte or sequence at line 549 replaced by U+FFFD.
Invalid UTF-8 byte or sequence at line 549 replaced by U+FFFD.

Underfull \hbox (badness 10000) in paragraph at lines 549--552

 []

Invalid UTF-8 byte or sequence at line 560 replaced by U+FFFD.
Invalid UTF-8 byte or sequence at line 560 replaced by U+FFFD.
Invalid UTF-8 byte or sequence at line 560 replaced by U+FFFD.
Invalid UTF-8 byte or sequence at line 560 replaced by U+FFFD.
Invalid UTF-8 byte or sequence at line 560 replaced by U+FFFD.
Invalid UTF-8 byte or sequence at line 560 replaced by U+FFFD.
Invalid UTF-8 byte or sequence at line 560 replaced by U+FFFD.
Invalid UTF-8 byte or sequence at line 560 replaced by U+FFFD.
Invalid UTF-8 byte or sequence at line 560 replaced by U+FFFD.
Invalid UTF-8 byte or sequence at line 560 replaced by U+FFFD.
Invalid UTF-8 byte or sequence at line 560 replaced by U+FFFD.
Invalid UTF-8 byte or sequence at line 560 replaced by U+FFFD.
Invalid UTF-8 byte or sequence at line 560 replaced by U+FFFD.
Invalid UTF-8 byte or sequence at line 560 replaced by U+FFFD.
Invalid UTF-8 byte or sequence at line 560 replaced by U+FFFD.
Invalid UTF-8 byte or sequence at line 560 replaced by U+FFFD.
Invalid UTF-8 byte or sequence at line 560 replaced by U+FFFD.
Invalid UTF-8 byte or sequence at line 560 replaced by U+FFFD.
Invalid UTF-8 byte or sequence at line 560 replaced by U+FFFD.
Invalid UTF-8 byte or sequence at line 562 replaced by U+FFFD.
Invalid UTF-8 byte or sequence at line 562 replaced by U+FFFD.
Invalid UTF-8 byte or sequence at line 562 replaced by U+FFFD.
Invalid UTF-8 byte or sequence at line 562 replaced by U+FFFD.
Invalid UTF-8 byte or sequence at line 562 replaced by U+FFFD.
Invalid UTF-8 byte or sequence at line 562 replaced by U+FFFD.
Invalid UTF-8 byte or sequence at line 562 replaced by U+FFFD.
Invalid UTF-8 byte or sequence at line 562 replaced by U+FFFD.
Invalid UTF-8 byte or sequence at line 562 replaced by U+FFFD.
Invalid UTF-8 byte or sequence at line 562 replaced by U+FFFD.
Invalid UTF-8 byte or sequence at line 562 replaced by U+FFFD.
Invalid UTF-8 byte or sequence at line 562 replaced by U+FFFD.
Invalid UTF-8 byte or sequence at line 562 replaced by U+FFFD.
Invalid UTF-8 byte or sequence at line 562 replaced by U+FFFD.
Invalid UTF-8 byte or sequence at line 564 replaced by U+FFFD.
Invalid UTF-8 byte or sequence at line 564 replaced by U+FFFD.
Invalid UTF-8 byte or sequence at line 564 replaced by U+FFFD.
Invalid UTF-8 byte or sequence at line 564 replaced by U+FFFD.
Invalid UTF-8 byte or sequence at line 564 replaced by U+FFFD.
Invalid UTF-8 byte or sequence at line 564 replaced by U+FFFD.
Invalid UTF-8 byte or sequence at line 564 replaced by U+FFFD.
Invalid UTF-8 byte or sequence at line 564 replaced by U+FFFD.
Invalid UTF-8 byte or sequence at line 564 replaced by U+FFFD.
Invalid UTF-8 byte or sequence at line 564 replaced by U+FFFD.
Invalid UTF-8 byte or sequence at line 568 replaced by U+FFFD.
Invalid UTF-8 byte or sequence at line 568 replaced by U+FFFD.
Invalid UTF-8 byte or sequence at line 568 replaced by U+FFFD.
Invalid UTF-8 byte or sequence at line 568 replaced by U+FFFD.
Invalid UTF-8 byte or sequence at line 568 replaced by U+FFFD.
[2]
Invalid UTF-8 byte or sequence at line 580 replaced by U+FFFD.
Invalid UTF-8 byte or sequence at line 580 replaced by U+FFFD.
Invalid UTF-8 byte or sequence at line 580 replaced by U+FFFD.
Invalid UTF-8 byte or sequence at line 580 replaced by U+FFFD.
Invalid UTF-8 byte or sequence at line 580 replaced by U+FFFD.
Invalid UTF-8 byte or sequence at line 580 replaced by U+FFFD.
Invalid UTF-8 byte or sequence at line 580 replaced by U+FFFD.
Invalid UTF-8 byte or sequence at line 580 replaced by U+FFFD.
Invalid UTF-8 byte or sequence at line 580 replaced by U+FFFD.
Invalid UTF-8 byte or sequence at line 580 replaced by U+FFFD.
Invalid UTF-8 byte or sequence at line 580 replaced by U+FFFD.
Invalid UTF-8 byte or sequence at line 580 replaced by U+FFFD.
Invalid UTF-8 byte or sequence at line 580 replaced by U+FFFD.
Invalid UTF-8 byte or sequence at line 581 replaced by U+FFFD.
Invalid UTF-8 byte or sequence at line 581 replaced by U+FFFD.
Invalid UTF-8 byte or sequence at line 581 replaced by U+FFFD.
Invalid UTF-8 byte or sequence at line 581 replaced by U+FFFD.
Invalid UTF-8 byte or sequence at line 581 replaced by U+FFFD.
Invalid UTF-8 byte or sequence at line 581 replaced by U+FFFD.
Invalid UTF-8 byte or sequence at line 581 replaced by U+FFFD.
Invalid UTF-8 byte or sequence at line 581 replaced by U+FFFD.
Invalid UTF-8 byte or sequence at line 581 replaced by U+FFFD.
Invalid UTF-8 byte or sequence at line 581 replaced by U+FFFD.
Invalid UTF-8 byte or sequence at line 581 replaced by U+FFFD.
Invalid UTF-8 byte or sequence at line 581 replaced by U+FFFD.
Invalid UTF-8 byte or sequence at line 581 replaced by U+FFFD.
Invalid UTF-8 byte or sequence at line 581 replaced by U+FFFD.
Invalid UTF-8 byte or sequence at line 581 replaced by U+FFFD.
Invalid UTF-8 byte or sequence at line 581 replaced by U+FFFD.
Invalid UTF-8 byte or sequence at line 583 replaced by U+FFFD.
Invalid UTF-8 byte or sequence at line 583 replaced by U+FFFD.
Invalid UTF-8 byte or sequence at line 583 replaced by U+FFFD.
Invalid UTF-8 byte or sequence at line 583 replaced by U+FFFD.
Invalid UTF-8 byte or sequence at line 583 replaced by U+FFFD.
Invalid UTF-8 byte or sequence at line 583 replaced by U+FFFD.
Invalid UTF-8 byte or sequence at line 583 replaced by U+FFFD.
Invalid UTF-8 byte or sequence at line 583 replaced by U+FFFD.
Invalid UTF-8 byte or sequence at line 583 replaced by U+FFFD.
Invalid UTF-8 byte or sequence at line 583 replaced by U+FFFD.
Invalid UTF-8 byte or sequence at line 583 replaced by U+FFFD.
Invalid UTF-8 byte or sequence at line 583 replaced by U+FFFD.
Invalid UTF-8 byte or sequence at line 583 replaced by U+FFFD.
Invalid UTF-8 byte or sequence at line 583 replaced by U+FFFD.
Invalid UTF-8 byte or sequence at line 583 replaced by U+FFFD.
Invalid UTF-8 byte or sequence at line 585 replaced by U+FFFD.
Invalid UTF-8 byte or sequence at line 585 replaced by U+FFFD.
Invalid UTF-8 byte or sequence at line 585 replaced by U+FFFD.
Invalid UTF-8 byte or sequence at line 585 replaced by U+FFFD.
Invalid UTF-8 byte or sequence at line 585 replaced by U+FFFD.
Invalid UTF-8 byte or sequence at line 585 replaced by U+FFFD.
Invalid UTF-8 byte or sequence at line 585 replaced by U+FFFD.
Invalid UTF-8 byte or sequence at line 585 replaced by U+FFFD.
Invalid UTF-8 byte or sequence at line 585 replaced by U+FFFD.
Invalid UTF-8 byte or sequence at line 585 replaced by U+FFFD.
Invalid UTF-8 byte or sequence at line 585 replaced by U+FFFD.
Invalid UTF-8 byte or sequence at line 585 replaced by U+FFFD.
Missing character: There is no ¡ in font cmr10!
Missing character: There is no ¡ in font cmr10!

Overfull \hbox (17.3084pt too wide) detected at line 594
[] []
 []

Missing character: There is no ¡ in font cmr10!
Missing character: There is no ¡ in font cmr10!

Overfull \hbox (2.50926pt too wide) detected at line 604
[] []
 []

Invalid UTF-8 byte or sequence at line 620 replaced by U+FFFD.
Invalid UTF-8 byte or sequence at line 620 replaced by U+FFFD.
Invalid UTF-8 byte or sequence at line 620 replaced by U+FFFD.
Invalid UTF-8 byte or sequence at line 620 replaced by U+FFFD.
Invalid UTF-8 byte or sequence at line 620 replaced by U+FFFD.
Invalid UTF-8 byte or sequence at line 620 replaced by U+FFFD.
Invalid UTF-8 byte or sequence at line 620 replaced by U+FFFD.
Invalid UTF-8 byte or sequence at line 620 replaced by U+FFFD.
Invalid UTF-8 byte or sequence at line 620 replaced by U+FFFD.
Invalid UTF-8 byte or sequence at line 620 replaced by U+FFFD.
Invalid UTF-8 byte or sequence at line 620 replaced by U+FFFD.
Invalid UTF-8 byte or sequence at line 620 replaced by U+FFFD.
Invalid UTF-8 byte or sequence at line 620 replaced by U+FFFD.
Invalid UTF-8 byte or sequence at line 620 replaced by U+FFFD.
Invalid UTF-8 byte or sequence at line 620 replaced by U+FFFD.
Invalid UTF-8 byte or sequence at line 620 replaced by U+FFFD.
Invalid UTF-8 byte or sequence at line 620 replaced by U+FFFD.
Invalid UTF-8 byte or sequence at line 620 replaced by U+FFFD.
Invalid UTF-8 byte or sequence at line 620 replaced by U+FFFD.
Invalid UTF-8 byte or sequence at line 620 replaced by U+FFFD.
Invalid UTF-8 byte or sequence at line 620 replaced by U+FFFD.
Invalid UTF-8 byte or sequence at line 620 replaced by U+FFFD.
Invalid UTF-8 byte or sequence at line 620 replaced by U+FFFD.
Invalid UTF-8 byte or sequence at line 620 replaced by U+FFFD.
Invalid UTF-8 byte or sequence at line 620 replaced by U+FFFD.
Invalid UTF-8 byte or sequence at line 620 replaced by U+FFFD.
Invalid UTF-8 byte or sequence at line 620 replaced by U+FFFD.
Invalid UTF-8 byte or sequence at line 620 replaced by U+FFFD.
Invalid UTF-8 byte or sequence at line 620 replaced by U+FFFD.
Invalid UTF-8 byte or sequence at line 620 replaced by U+FFFD.
Invalid UTF-8 byte or sequence at line 620 replaced by U+FFFD.
Invalid UTF-8 byte or sequence at line 620 replaced by U+FFFD.
Invalid UTF-8 byte or sequence at line 620 replaced by U+FFFD.
Invalid UTF-8 byte or sequence at line 620 replaced by U+FFFD.
Invalid UTF-8 byte or sequence at line 620 replaced by U+FFFD.
Invalid UTF-8 byte or sequence at line 620 replaced by U+FFFD.
("H:\Latex\Model\Model3\Paper template\Paper.bbl")

** Conference Paper **
Before submitting the final camera ready copy, remember to:

 1. Manually equalize the lengths of two columns on the last page
 of your paper;

 2. Ensure that any PostScript and/or PDF output post-processing
 uses only Type 1 fonts and that every step in the generation
 process uses the appropriate paper size.

[3] ("H:\Latex\Model\Model3\Paper template\Paper.aux")

LaTeX Warning: There were undefined references.


LaTeX Warning: There were multiply-defined labels.

 ) 
Here is how much of TeX's memory you used:
 1542 strings out of 430478
 23088 string characters out of 3191002
 80364 words of memory out of 3000000
 4725 multiletter control sequences out of 15000+200000
 30184 words of font info for 72 fonts, out of 3000000 for 9000
 17 hyphenation exceptions out of 8191
 32i,12n,24p,869b,284s stack positions out of 5000i,500n,10000p,200000b,50000s

Output written on Paper.pdf (3 pages).
